{"D:\\gitproject\\mobilendervuetask\\src\\components\\RowItem.vue": {"path":"D:\\gitproject\\mobilendervuetask\\src\\components\\RowItem.vue","statementMap":{"0":{"start":{"line":88,"column":15},"end":{"line":88,"column":null}},"1":{"start":{"line":97,"column":4},"end":{"line":97,"column":11}},"2":{"start":{"line":105,"column":22},"end":{"line":105,"column":null}},"3":{"start":{"line":106,"column":17},"end":{"line":106,"column":21}},"4":{"start":{"line":108,"column":6},"end":{"line":108,"column":13}},"5":{"start":{"line":113,"column":4},"end":{"line":113,"column":9}},"6":{"start":{"line":114,"column":4},"end":{"line":114,"column":9}},"7":{"start":{"line":116,"column":14},"end":{"line":116,"column":null}},"8":{"start":{"line":117,"column":4},"end":{"line":117,"column":9}},"9":{"start":{"line":118,"column":6},"end":{"line":118,"column":9}},"10":{"start":{"line":120,"column":4},"end":{"line":120,"column":9}}},"fnMap":{"0":{"name":"(anonymous_0)","decl":{"start":{"line":96,"column":2},"end":{"line":96,"column":6}},"loc":{"start":{"line":96,"column":9},"end":{"line":102,"column":null}}},"1":{"name":"(anonymous_1)","decl":{"start":{"line":104,"column":31},"end":{"line":104,"column":43}},"loc":{"start":{"line":104,"column":43},"end":{"line":109,"column":null}}},"2":{"name":"(anonymous_2)","decl":{"start":{"line":111,"column":2},"end":{"line":111,"column":9}},"loc":{"start":{"line":111,"column":12},"end":{"line":121,"column":null}}},"3":{"name":"(anonymous_3)","decl":{"start":{"line":117,"column":28},"end":{"line":117,"column":41}},"loc":{"start":{"line":117,"column":41},"end":{"line":119,"column":null}}}},"branchMap":{},"s":{"0":2,"1":0,"2":0,"3":0,"4":0,"5":0,"6":0,"7":0,"8":0,"9":0,"10":0},"f":{"0":0,"1":0,"2":0,"3":0},"b":{}}
,"D:\\gitproject\\mobilendervuetask\\src\\views\\CreditosGrupales.vue": {"path":"D:\\gitproject\\mobilendervuetask\\src\\views\\CreditosGrupales.vue","statementMap":{"0":{"start":{"line":29,"column":0},"end":{"line":29,"column":null}},"1":{"start":{"line":30,"column":0},"end":{"line":30,"column":null}},"2":{"start":{"line":31,"column":15},"end":{"line":31,"column":null}},"3":{"start":{"line":40,"column":4},"end":{"line":40,"column":11}},"4":{"start":{"line":46,"column":6},"end":{"line":46,"column":11}},"5":{"start":{"line":49,"column":6},"end":{"line":55,"column":null}},"6":{"start":{"line":50,"column":8},"end":{"line":50,"column":15}},"7":{"start":{"line":51,"column":13},"end":{"line":55,"column":null}},"8":{"start":{"line":52,"column":8},"end":{"line":52,"column":15}},"9":{"start":{"line":53,"column":13},"end":{"line":55,"column":null}},"10":{"start":{"line":54,"column":8},"end":{"line":54,"column":15}},"11":{"start":{"line":164,"column":6},"end":{"line":164,"column":13}},"12":{"start":{"line":169,"column":23},"end":{"line":169,"column":null}},"13":{"start":{"line":171,"column":10},"end":{"line":171,"column":14}},"14":{"start":{"line":179,"column":16},"end":{"line":179,"column":null}},"15":{"start":{"line":181,"column":24},"end":{"line":181,"column":null}},"16":{"start":{"line":184,"column":12},"end":{"line":184,"column":15}},"17":{"start":{"line":194,"column":12},"end":{"line":194,"column":15}},"18":{"start":{"line":204,"column":12},"end":{"line":204,"column":15}},"19":{"start":{"line":214,"column":12},"end":{"line":214,"column":15}},"20":{"start":{"line":224,"column":12},"end":{"line":224,"column":15}},"21":{"start":{"line":234,"column":12},"end":{"line":234,"column":15}},"22":{"start":{"line":244,"column":12},"end":{"line":244,"column":15}},"23":{"start":{"line":254,"column":12},"end":{"line":254,"column":15}},"24":{"start":{"line":263,"column":12},"end":{"line":263,"column":17}},"25":{"start":{"line":267,"column":10},"end":{"line":267,"column":17}},"26":{"start":{"line":273,"column":4},"end":{"line":273,"column":9}}},"fnMap":{"0":{"name":"(anonymous_0)","decl":{"start":{"line":39,"column":2},"end":{"line":39,"column":6}},"loc":{"start":{"line":39,"column":9},"end":{"line":43,"column":null}}},"1":{"name":"(anonymous_1)","decl":{"start":{"line":45,"column":4},"end":{"line":45,"column":11}},"loc":{"start":{"line":45,"column":14},"end":{"line":47,"column":null}}},"2":{"name":"(anonymous_2)","decl":{"start":{"line":48,"column":4},"end":{"line":48,"column":20}},"loc":{"start":{"line":48,"column":30},"end":{"line":56,"column":null}}},"3":{"name":"(anonymous_3)","decl":{"start":{"line":163,"column":4},"end":{"line":163,"column":13}},"loc":{"start":{"line":163,"column":16},"end":{"line":269,"column":null}}},"4":{"name":"(anonymous_4)","decl":{"start":{"line":168,"column":15},"end":{"line":168,"column":23}},"loc":{"start":{"line":168,"column":23},"end":{"line":265,"column":null}}},"5":{"name":"(anonymous_5)","decl":{"start":{"line":171,"column":24},"end":{"line":171,"column":44}},"loc":{"start":{"line":171,"column":44},"end":{"line":264,"column":null}}},"6":{"name":"(anonymous_6)","decl":{"start":{"line":266,"column":16},"end":{"line":266,"column":24}},"loc":{"start":{"line":266,"column":24},"end":{"line":268,"column":null}}},"7":{"name":"(anonymous_7)","decl":{"start":{"line":271,"column":2},"end":{"line":271,"column":9}},"loc":{"start":{"line":271,"column":12},"end":{"line":274,"column":null}}}},"branchMap":{"0":{"loc":{"start":{"line":49,"column":6},"end":{"line":55,"column":null}},"type":"if","locations":[{"start":{"line":49,"column":6},"end":{"line":55,"column":null}},{"start":{"line":49,"column":6},"end":{"line":55,"column":null}}]},"1":{"loc":{"start":{"line":51,"column":13},"end":{"line":55,"column":null}},"type":"if","locations":[{"start":{"line":51,"column":13},"end":{"line":55,"column":null}},{"start":{"line":51,"column":13},"end":{"line":55,"column":null}}]},"2":{"loc":{"start":{"line":53,"column":13},"end":{"line":55,"column":null}},"type":"if","locations":[{"start":{"line":53,"column":13},"end":{"line":55,"column":null}},{"start":{"line":53,"column":13},"end":{"line":55,"column":null}}]}},"s":{"0":1,"1":1,"2":1,"3":1,"4":0,"5":0,"6":0,"7":0,"8":0,"9":0,"10":0,"11":1,"12":0,"13":0,"14":0,"15":0,"16":0,"17":0,"18":0,"19":0,"20":0,"21":0,"22":0,"23":0,"24":0,"25":0,"26":1},"f":{"0":1,"1":0,"2":0,"3":1,"4":0,"5":0,"6":0,"7":1},"b":{"0":[0,0],"1":[0,0],"2":[0,0]}}
,"D:\\gitproject\\mobilendervuetask\\src\\views\\Home.vue": {"path":"D:\\gitproject\\mobilendervuetask\\src\\views\\Home.vue","statementMap":{"0":{"start":{"line":29,"column":15},"end":{"line":29,"column":null}},"1":{"start":{"line":35,"column":4},"end":{"line":35,"column":9}}},"fnMap":{"0":{"name":"(anonymous_0)","decl":{"start":{"line":34,"column":2},"end":{"line":34,"column":9}},"loc":{"start":{"line":34,"column":12},"end":{"line":36,"column":null}}}},"branchMap":{},"s":{"0":1,"1":1},"f":{"0":1},"b":{}}
,"D:\\gitproject\\mobilendervuetask\\src\\views\\Inspeccionar.vue": {"path":"D:\\gitproject\\mobilendervuetask\\src\\views\\Inspeccionar.vue","statementMap":{"0":{"start":{"line":48,"column":0},"end":{"line":48,"column":null}},"1":{"start":{"line":49,"column":0},"end":{"line":49,"column":null}},"2":{"start":{"line":50,"column":15},"end":{"line":50,"column":null}},"3":{"start":{"line":59,"column":4},"end":{"line":59,"column":11}},"4":{"start":{"line":66,"column":6},"end":{"line":66,"column":13}},"5":{"start":{"line":67,"column":20},"end":{"line":67,"column":null}},"6":{"start":{"line":68,"column":8},"end":{"line":68,"column":16}},"7":{"start":{"line":69,"column":10},"end":{"line":76,"column":null}},"8":{"start":{"line":75,"column":12},"end":{"line":75,"column":17}},"9":{"start":{"line":78,"column":8},"end":{"line":78,"column":15}},"10":{"start":{"line":85,"column":6},"end":{"line":85,"column":13}},"11":{"start":{"line":88,"column":26},"end":{"line":88,"column":null}},"12":{"start":{"line":91,"column":10},"end":{"line":91,"column":17}},"13":{"start":{"line":92,"column":61},"end":{"line":92,"column":null}},"14":{"start":{"line":94,"column":24},"end":{"line":94,"column":null}},"15":{"start":{"line":96,"column":12},"end":{"line":96,"column":15}},"16":{"start":{"line":106,"column":12},"end":{"line":106,"column":15}},"17":{"start":{"line":116,"column":12},"end":{"line":116,"column":15}},"18":{"start":{"line":126,"column":12},"end":{"line":126,"column":15}},"19":{"start":{"line":135,"column":12},"end":{"line":135,"column":17}},"20":{"start":{"line":139,"column":10},"end":{"line":139,"column":17}},"21":{"start":{"line":144,"column":4},"end":{"line":144,"column":9}},"22":{"start":{"line":146,"column":4},"end":{"line":146,"column":9}},"23":{"start":{"line":147,"column":4},"end":{"line":147,"column":9}},"24":{"start":{"line":148,"column":4},"end":{"line":148,"column":11}}},"fnMap":{"0":{"name":"(anonymous_0)","decl":{"start":{"line":58,"column":2},"end":{"line":58,"column":6}},"loc":{"start":{"line":58,"column":9},"end":{"line":63,"column":null}}},"1":{"name":"(anonymous_1)","decl":{"start":{"line":65,"column":4},"end":{"line":65,"column":24}},"loc":{"start":{"line":65,"column":27},"end":{"line":80,"column":null}}},"2":{"name":"(anonymous_2)","decl":{"start":{"line":66,"column":38},"end":{"line":66,"column":51}},"loc":{"start":{"line":66,"column":51},"end":{"line":79,"column":null}}},"3":{"name":"(anonymous_3)","decl":{"start":{"line":68,"column":26},"end":{"line":68,"column":39}},"loc":{"start":{"line":68,"column":39},"end":{"line":77,"column":null}}},"4":{"name":"(anonymous_4)","decl":{"start":{"line":84,"column":4},"end":{"line":84,"column":13}},"loc":{"start":{"line":84,"column":20},"end":{"line":141,"column":null}}},"5":{"name":"(anonymous_5)","decl":{"start":{"line":87,"column":15},"end":{"line":87,"column":23}},"loc":{"start":{"line":87,"column":23},"end":{"line":137,"column":null}}},"6":{"name":"(anonymous_6)","decl":{"start":{"line":91,"column":27},"end":{"line":91,"column":38}},"loc":{"start":{"line":91,"column":38},"end":{"line":136,"column":null}}},"7":{"name":"(anonymous_7)","decl":{"start":{"line":138,"column":16},"end":{"line":138,"column":24}},"loc":{"start":{"line":138,"column":24},"end":{"line":140,"column":null}}},"8":{"name":"(anonymous_8)","decl":{"start":{"line":143,"column":2},"end":{"line":143,"column":9}},"loc":{"start":{"line":143,"column":12},"end":{"line":149,"column":null}}}},"branchMap":{"0":{"loc":{"start":{"line":69,"column":10},"end":{"line":76,"column":null}},"type":"if","locations":[{"start":{"line":69,"column":10},"end":{"line":76,"column":null}},{"start":{"line":69,"column":10},"end":{"line":76,"column":null}}]},"1":{"loc":{"start":{"line":70,"column":12},"end":{"line":70,"column":20}},"type":"binary-expr","locations":[{"start":{"line":70,"column":12},"end":{"line":70,"column":20}},{"start":{"line":73,"column":12},"end":{"line":73,"column":null}}]}},"s":{"0":1,"1":1,"2":1,"3":1,"4":1,"5":0,"6":0,"7":0,"8":0,"9":0,"10":2,"11":0,"12":0,"13":0,"14":0,"15":0,"16":0,"17":0,"18":0,"19":0,"20":0,"21":1,"22":1,"23":1,"24":1},"f":{"0":1,"1":1,"2":0,"3":0,"4":2,"5":0,"6":0,"7":0,"8":1},"b":{"0":[0,0],"1":[0,0]}}
}
