TN:
SF:D:\gitproject\mobilendervuetask\src\components\RowItem.vue
FN:96,(anonymous_0)
FN:104,(anonymous_1)
FN:111,(anonymous_2)
FN:117,(anonymous_3)
FNF:4
FNH:0
FNDA:0,(anonymous_0)
FNDA:0,(anonymous_1)
FNDA:0,(anonymous_2)
FNDA:0,(anonymous_3)
DA:88,2
DA:97,0
DA:105,0
DA:106,0
DA:108,0
DA:113,0
DA:114,0
DA:116,0
DA:117,0
DA:118,0
DA:120,0
LF:11
LH:1
BRF:0
BRH:0
end_of_record
TN:
SF:D:\gitproject\mobilendervuetask\src\views\CreditosGrupales.vue
FN:39,(anonymous_0)
FN:45,(anonymous_1)
FN:48,(anonymous_2)
FN:163,(anonymous_3)
FN:168,(anonymous_4)
FN:171,(anonymous_5)
FN:266,(anonymous_6)
FN:271,(anonymous_7)
FNF:8
FNH:3
FNDA:1,(anonymous_0)
FNDA:0,(anonymous_1)
FNDA:0,(anonymous_2)
FNDA:1,(anonymous_3)
FNDA:0,(anonymous_4)
FNDA:0,(anonymous_5)
FNDA:0,(anonymous_6)
FNDA:1,(anonymous_7)
DA:29,1
DA:30,1
DA:31,1
DA:40,1
DA:46,0
DA:49,0
DA:50,0
DA:51,0
DA:52,0
DA:53,0
DA:54,0
DA:164,1
DA:169,0
DA:171,0
DA:179,0
DA:181,0
DA:184,0
DA:194,0
DA:204,0
DA:214,0
DA:224,0
DA:234,0
DA:244,0
DA:254,0
DA:263,0
DA:267,0
DA:273,1
LF:27
LH:6
BRDA:49,0,0,0
BRDA:49,0,1,0
BRDA:51,1,0,0
BRDA:51,1,1,0
BRDA:53,2,0,0
BRDA:53,2,1,0
BRF:6
BRH:0
end_of_record
TN:
SF:D:\gitproject\mobilendervuetask\src\views\Home.vue
FN:34,(anonymous_0)
FNF:1
FNH:1
FNDA:1,(anonymous_0)
DA:29,1
DA:35,1
LF:2
LH:2
BRF:0
BRH:0
end_of_record
TN:
SF:D:\gitproject\mobilendervuetask\src\views\Inspeccionar.vue
FN:58,(anonymous_0)
FN:65,(anonymous_1)
FN:66,(anonymous_2)
FN:68,(anonymous_3)
FN:84,(anonymous_4)
FN:87,(anonymous_5)
FN:91,(anonymous_6)
FN:138,(anonymous_7)
FN:143,(anonymous_8)
FNF:9
FNH:4
FNDA:1,(anonymous_0)
FNDA:1,(anonymous_1)
FNDA:0,(anonymous_2)
FNDA:0,(anonymous_3)
FNDA:2,(anonymous_4)
FNDA:0,(anonymous_5)
FNDA:0,(anonymous_6)
FNDA:0,(anonymous_7)
FNDA:1,(anonymous_8)
DA:48,1
DA:49,1
DA:50,1
DA:59,1
DA:66,1
DA:67,0
DA:68,0
DA:69,0
DA:75,0
DA:78,0
DA:85,2
DA:88,0
DA:91,0
DA:92,0
DA:94,0
DA:96,0
DA:106,0
DA:116,0
DA:126,0
DA:135,0
DA:139,0
DA:144,1
DA:146,1
DA:147,1
DA:148,1
LF:25
LH:10
BRDA:69,0,0,0
BRDA:69,0,1,0
BRDA:70,1,0,0
BRDA:70,1,1,0
BRF:4
BRH:0
end_of_record
